Arguments: 
  C:\Program Files\nodejs\node.exe D:\Software\yarn\bin\yarn.js init

PATH: 
  D:\Software\cmder\vendor\git-for-windows\mingw64\bin;D:\Software\cmder\vendor\git-for-windows\usr\bin;C:\Users\陈靖宇\bin;C:\Program Files (x86)\Intel\Intel(R) Management Engine Components\iCLS;C:\Program Files\Intel\Intel(R) Management Engine Components\iCLS;C:\Windows\system32;C:\Windows;C:\Windows\System32\Wbem;C:\Windows\System32\WindowsPowerShell\v1.0;C:\Windows\System32\OpenSSH;C:\Program Files (x86)\Intel\Intel(R) Management Engine Components\DAL;C:\Program Files\Intel\Intel(R) Management Engine Components\DAL;C:\Program Files (x86)\Intel\Intel(R) Management Engine Components\IPT;C:\Program Files\Intel\Intel(R) Management Engine Components\IPT;C:\Program Files\NVIDIA Corporation\NVIDIA NvDLISR;C:\Program Files\Intel\WiFi\bin;C:\Program Files\Common Files\Intel\WirelessCommon;C:\Program Files (x86)\Windows Kits\8.1\Windows Performance Toolkit;C:\WINDOWS\system32;C:\WINDOWS;C:\WINDOWS\System32\Wbem;C:\WINDOWS\System32\WindowsPowerShell\v1.0;C:\WINDOWS\System32\OpenSSH;D:\Software\cmder;D:\Software\yarn\bin;D:\Software\one;D:\Software\hugo;C:\Program Files\Git\cmd;C:\Program Files\nodejs;C:\Users\陈靖宇\AppData\Local\Microsoft\WindowsApps;C:\前端\IntelliJ IDEA 2019.3.3\bin;C:\vscode\Microsoft VS Code\bin;C:\Users\陈靖宇\AppData\Local\Yarn\bin;C:\Program Files\JetBrains\WebStorm 2020.3.2\bin;C:\Users\陈靖宇\AppData\Roaming\npm

Yarn version: 
  1.22.5

Node version: 
  10.23.0

Platform: 
  win32 x64

Trace: 
  Error: canceled
      at Interface.<anonymous> (D:\Software\yarn\lib\cli.js:137009:13)
      at Interface.emit (events.js:198:13)
      at Interface._ttyWrite (readline.js:801:16)
      at ReadStream.onkeypress (readline.js:184:10)
      at ReadStream.emit (events.js:198:13)
      at emitKeys (internal/readline.js:424:14)
      at emitKeys.next (<anonymous>)
      at ReadStream.onData (readline.js:1073:36)
      at ReadStream.emit (events.js:198:13)
      at addChunk (_stream_readable.js:288:12)

npm manifest: 
  No manifest

yarn manifest: 
  No manifest

Lockfile: 
  No lockfile
